Determining if the pthread_create exist failed with the following output:
Change Dir: /root/webSocket-Server/CMakeFiles/CMakeTmp

Run Build Command:/usr/bin/gmake "cmTryCompileExec3216908545/fast"
/usr/bin/gmake -f CMakeFiles/cmTryCompileExec3216908545.dir/build.make CMakeFiles/cmTryCompileExec3216908545.dir/build
gmake[1]: Entering directory `/root/webSocket-Server/CMakeFiles/CMakeTmp'
/usr/local/bin/cmake -E cmake_progress_report /root/webSocket-Server/CMakeFiles/CMakeTmp/CMakeFiles 1
Building C object CMakeFiles/cmTryCompileExec3216908545.dir/CheckSymbolExists.c.o
/usr/bin/cc    -o CMakeFiles/cmTryCompileExec3216908545.dir/CheckSymbolExists.c.o   -c /root/webSocket-Server/CMakeFiles/CMakeTmp/CheckSymbolExists.c
Linking C executable cmTryCompileExec3216908545
/usr/local/bin/cmake -E cmake_link_script CMakeFiles/cmTryCompileExec3216908545.dir/link.txt --verbose=1
/usr/bin/cc         CMakeFiles/cmTryCompileExec3216908545.dir/CheckSymbolExists.c.o  -o cmTryCompileExec3216908545 -rdynamic 
CMakeFiles/cmTryCompileExec3216908545.dir/CheckSymbolExists.c.o: In function `main':
CheckSymbolExists.c:(.text+0x16): undefined reference to `pthread_create'
collect2: error: ld returned 1 exit status
gmake[1]: *** [cmTryCompileExec3216908545] Error 1
gmake[1]: Leaving directory `/root/webSocket-Server/CMakeFiles/CMakeTmp'
gmake: *** [cmTryCompileExec3216908545/fast] Error 2

File /root/webSocket-Server/CMakeFiles/CMakeTmp/CheckSymbolExists.c:
/* */
#include <pthread.h>

int main(int argc, char** argv)
{
  (void)argv;
#ifndef pthread_create
  return ((int*)(&pthread_create))[argc];
#else
  (void)argc;
  return 0;
#endif
}

Determining if the function pthread_create exists in the pthreads failed with the following output:
Change Dir: /root/webSocket-Server/CMakeFiles/CMakeTmp

Run Build Command:/usr/bin/gmake "cmTryCompileExec1527476000/fast"
/usr/bin/gmake -f CMakeFiles/cmTryCompileExec1527476000.dir/build.make CMakeFiles/cmTryCompileExec1527476000.dir/build
gmake[1]: Entering directory `/root/webSocket-Server/CMakeFiles/CMakeTmp'
/usr/local/bin/cmake -E cmake_progress_report /root/webSocket-Server/CMakeFiles/CMakeTmp/CMakeFiles 1
Building C object CMakeFiles/cmTryCompileExec1527476000.dir/CheckFunctionExists.c.o
/usr/bin/cc   -DCHECK_FUNCTION_EXISTS=pthread_create   -o CMakeFiles/cmTryCompileExec1527476000.dir/CheckFunctionExists.c.o   -c /usr/local/share/cmake-2.8/Modules/CheckFunctionExists.c
Linking C executable cmTryCompileExec1527476000
/usr/local/bin/cmake -E cmake_link_script CMakeFiles/cmTryCompileExec1527476000.dir/link.txt --verbose=1
/usr/bin/cc     -DCHECK_FUNCTION_EXISTS=pthread_create    CMakeFiles/cmTryCompileExec1527476000.dir/CheckFunctionExists.c.o  -o cmTryCompileExec1527476000 -rdynamic -lpthreads 
/usr/bin/ld: cannot find -lpthreads
collect2: error: ld returned 1 exit status
gmake[1]: *** [cmTryCompileExec1527476000] Error 1
gmake[1]: Leaving directory `/root/webSocket-Server/CMakeFiles/CMakeTmp'
gmake: *** [cmTryCompileExec1527476000/fast] Error 2


