The system is: Linux - 3.10.0-123.el7.x86_64 - x86_64
Compiling the C compiler identification source file "CMakeCCompilerId.c" succeeded.
Compiler: /usr/bin/cc 
Build flags: 
Id flags: 

The output was:
0


Compilation of the C compiler identification source "CMakeCCompilerId.c" produced "a.out"

The C compiler identification is GNU, found in "/root/webSocket-Server/CMakeFiles/2.8.10.2/CompilerIdC/a.out"

Compiling the CXX compiler identification source file "CMakeCXXCompilerId.cpp" succeeded.
Compiler: /usr/bin/c++ 
Build flags: 
Id flags: 

The output was:
0


Compilation of the CXX compiler identification source "CMakeCXXCompilerId.cpp" produced "a.out"

The CXX compiler identification is GNU, found in "/root/webSocket-Server/CMakeFiles/2.8.10.2/CompilerIdCXX/a.out"

Determining if the C compiler works passed with the following output:
Change Dir: /root/webSocket-Server/CMakeFiles/CMakeTmp

Run Build Command:/usr/bin/gmake "cmTryCompileExec1109826743/fast"
/usr/bin/gmake -f CMakeFiles/cmTryCompileExec1109826743.dir/build.make CMakeFiles/cmTryCompileExec1109826743.dir/build
gmake[1]: Entering directory `/root/webSocket-Server/CMakeFiles/CMakeTmp'
/usr/local/bin/cmake -E cmake_progress_report /root/webSocket-Server/CMakeFiles/CMakeTmp/CMakeFiles 1
Building C object CMakeFiles/cmTryCompileExec1109826743.dir/testCCompiler.c.o
/usr/bin/cc    -o CMakeFiles/cmTryCompileExec1109826743.dir/testCCompiler.c.o   -c /root/webSocket-Server/CMakeFiles/CMakeTmp/testCCompiler.c
Linking C executable cmTryCompileExec1109826743
/usr/local/bin/cmake -E cmake_link_script CMakeFiles/cmTryCompileExec1109826743.dir/link.txt --verbose=1
/usr/bin/cc         CMakeFiles/cmTryCompileExec1109826743.dir/testCCompiler.c.o  -o cmTryCompileExec1109826743 -rdynamic 
gmake[1]: Leaving directory `/root/webSocket-Server/CMakeFiles/CMakeTmp'


Detecting C compiler ABI info compiled with the following output:
Change Dir: /root/webSocket-Server/CMakeFiles/CMakeTmp

Run Build Command:/usr/bin/gmake "cmTryCompileExec660435530/fast"
/usr/bin/gmake -f CMakeFiles/cmTryCompileExec660435530.dir/build.make CMakeFiles/cmTryCompileExec660435530.dir/build
gmake[1]: Entering directory `/root/webSocket-Server/CMakeFiles/CMakeTmp'
/usr/local/bin/cmake -E cmake_progress_report /root/webSocket-Server/CMakeFiles/CMakeTmp/CMakeFiles 1
Building C object CMakeFiles/cmTryCompileExec660435530.dir/CMakeCCompilerABI.c.o
/usr/bin/cc    -o CMakeFiles/cmTryCompileExec660435530.dir/CMakeCCompilerABI.c.o   -c /usr/local/share/cmake-2.8/Modules/CMakeCCompilerABI.c
Linking C executable cmTryCompileExec660435530
/usr/local/bin/cmake -E cmake_link_script CMakeFiles/cmTryCompileExec660435530.dir/link.txt --verbose=1
/usr/bin/cc       -v CMakeFiles/cmTryCompileExec660435530.dir/CMakeCCompilerABI.c.o  -o cmTryCompileExec660435530 -rdynamic  
Using built-in specs.
COLLECT_GCC=/usr/bin/cc
COLLECT_LTO_WRAPPER=/usr/libexec/gcc/x86_64-linux-gnu/5.1.0/lto-wrapper
Target: x86_64-linux-gnu
Configured with: ./configure --prefix=/usr --disable-multilib --enable-languages=c,c++ --build=x86_64-linux-gnu
Thread model: posix
gcc version 5.1.0 (GCC) 
COMPILER_PATH=/usr/libexec/gcc/x86_64-linux-gnu/5.1.0/:/usr/libexec/gcc/x86_64-linux-gnu/5.1.0/:/usr/libexec/gcc/x86_64-linux-gnu/:/usr/lib/gcc/x86_64-linux-gnu/5.1.0/:/usr/lib/gcc/x86_64-linux-gnu/
LIBRARY_PATH=/usr/lib/gcc/x86_64-linux-gnu/5.1.0/:/usr/lib/gcc/x86_64-linux-gnu/5.1.0/../../../../lib64/:/lib/../lib64/:/usr/lib/../lib64/:/usr/lib/gcc/x86_64-linux-gnu/5.1.0/../../../:/lib/:/usr/lib/
COLLECT_GCC_OPTIONS='-v' '-o' 'cmTryCompileExec660435530' '-rdynamic' '-mtune=generic' '-march=x86-64'
 /usr/libexec/gcc/x86_64-linux-gnu/5.1.0/collect2 -plugin /usr/libexec/gcc/x86_64-linux-gnu/5.1.0/liblto_plugin.so -plugin-opt=/usr/libexec/gcc/x86_64-linux-gnu/5.1.0/lto-wrapper -plugin-opt=-fresolution=/tmp/ccTMDVrO.res -plugin-opt=-pass-through=-lgcc -plugin-opt=-pass-through=-lgcc_s -plugin-opt=-pass-through=-lc -plugin-opt=-pass-through=-lgcc -plugin-opt=-pass-through=-lgcc_s --eh-frame-hdr -m elf_x86_64 -export-dynamic -dynamic-linker /lib64/ld-linux-x86-64.so.2 -o cmTryCompileExec660435530 /usr/lib/gcc/x86_64-linux-gnu/5.1.0/../../../../lib64/crt1.o /usr/lib/gcc/x86_64-linux-gnu/5.1.0/../../../../lib64/crti.o /usr/lib/gcc/x86_64-linux-gnu/5.1.0/crtbegin.o -L/usr/lib/gcc/x86_64-linux-gnu/5.1.0 -L/usr/lib/gcc/x86_64-linux-gnu/5.1.0/../../../../lib64 -L/lib/../lib64 -L/usr/lib/../lib64 -L/usr/lib/gcc/x86_64-linux-gnu/5.1.0/../../.. CMakeFiles/cmTryCompileExec660435530.dir/CMakeCCompilerABI.c.o -lgcc --as-needed -lgcc_s --no-as-needed -lc -lgcc --as-needed -lgcc_s --no-as-needed /usr/lib/gcc/x86_64-linux-gnu/5.1.0/crtend.o /usr/lib/gcc/x86_64-linux-gnu/5.1.0/../../../../lib64/crtn.o
gmake[1]: Leaving directory `/root/webSocket-Server/CMakeFiles/CMakeTmp'


Parsed C implicit link information from above output:
  link line regex: [^( *|.*[/\])(ld|ld|collect2)[^/\]*( |$)]
  ignore line: [Change Dir: /root/webSocket-Server/CMakeFiles/CMakeTmp]
  ignore line: []
  ignore line: [Run Build Command:/usr/bin/gmake "cmTryCompileExec660435530/fast"]
  ignore line: [/usr/bin/gmake -f CMakeFiles/cmTryCompileExec660435530.dir/build.make CMakeFiles/cmTryCompileExec660435530.dir/build]
  ignore line: [gmake[1]: Entering directory `/root/webSocket-Server/CMakeFiles/CMakeTmp']
  ignore line: [/usr/local/bin/cmake -E cmake_progress_report /root/webSocket-Server/CMakeFiles/CMakeTmp/CMakeFiles 1]
  ignore line: [Building C object CMakeFiles/cmTryCompileExec660435530.dir/CMakeCCompilerABI.c.o]
  ignore line: [/usr/bin/cc    -o CMakeFiles/cmTryCompileExec660435530.dir/CMakeCCompilerABI.c.o   -c /usr/local/share/cmake-2.8/Modules/CMakeCCompilerABI.c]
  ignore line: [Linking C executable cmTryCompileExec660435530]
  ignore line: [/usr/local/bin/cmake -E cmake_link_script CMakeFiles/cmTryCompileExec660435530.dir/link.txt --verbose=1]
  ignore line: [/usr/bin/cc       -v CMakeFiles/cmTryCompileExec660435530.dir/CMakeCCompilerABI.c.o  -o cmTryCompileExec660435530 -rdynamic  ]
  ignore line: [Using built-in specs.]
  ignore line: [COLLECT_GCC=/usr/bin/cc]
  ignore line: [COLLECT_LTO_WRAPPER=/usr/libexec/gcc/x86_64-linux-gnu/5.1.0/lto-wrapper]
  ignore line: [Target: x86_64-linux-gnu]
  ignore line: [Configured with: ./configure --prefix=/usr --disable-multilib --enable-languages=c,c++ --build=x86_64-linux-gnu]
  ignore line: [Thread model: posix]
  ignore line: [gcc version 5.1.0 (GCC) ]
  ignore line: [COMPILER_PATH=/usr/libexec/gcc/x86_64-linux-gnu/5.1.0/:/usr/libexec/gcc/x86_64-linux-gnu/5.1.0/:/usr/libexec/gcc/x86_64-linux-gnu/:/usr/lib/gcc/x86_64-linux-gnu/5.1.0/:/usr/lib/gcc/x86_64-linux-gnu/]
  ignore line: [LIBRARY_PATH=/usr/lib/gcc/x86_64-linux-gnu/5.1.0/:/usr/lib/gcc/x86_64-linux-gnu/5.1.0/../../../../lib64/:/lib/../lib64/:/usr/lib/../lib64/:/usr/lib/gcc/x86_64-linux-gnu/5.1.0/../../../:/lib/:/usr/lib/]
  ignore line: [COLLECT_GCC_OPTIONS='-v' '-o' 'cmTryCompileExec660435530' '-rdynamic' '-mtune=generic' '-march=x86-64']
  link line: [ /usr/libexec/gcc/x86_64-linux-gnu/5.1.0/collect2 -plugin /usr/libexec/gcc/x86_64-linux-gnu/5.1.0/liblto_plugin.so -plugin-opt=/usr/libexec/gcc/x86_64-linux-gnu/5.1.0/lto-wrapper -plugin-opt=-fresolution=/tmp/ccTMDVrO.res -plugin-opt=-pass-through=-lgcc -plugin-opt=-pass-through=-lgcc_s -plugin-opt=-pass-through=-lc -plugin-opt=-pass-through=-lgcc -plugin-opt=-pass-through=-lgcc_s --eh-frame-hdr -m elf_x86_64 -export-dynamic -dynamic-linker /lib64/ld-linux-x86-64.so.2 -o cmTryCompileExec660435530 /usr/lib/gcc/x86_64-linux-gnu/5.1.0/../../../../lib64/crt1.o /usr/lib/gcc/x86_64-linux-gnu/5.1.0/../../../../lib64/crti.o /usr/lib/gcc/x86_64-linux-gnu/5.1.0/crtbegin.o -L/usr/lib/gcc/x86_64-linux-gnu/5.1.0 -L/usr/lib/gcc/x86_64-linux-gnu/5.1.0/../../../../lib64 -L/lib/../lib64 -L/usr/lib/../lib64 -L/usr/lib/gcc/x86_64-linux-gnu/5.1.0/../../.. CMakeFiles/cmTryCompileExec660435530.dir/CMakeCCompilerABI.c.o -lgcc --as-needed -lgcc_s --no-as-needed -lc -lgcc --as-needed -lgcc_s --no-as-needed /usr/lib/gcc/x86_64-linux-gnu/5.1.0/crtend.o /usr/lib/gcc/x86_64-linux-gnu/5.1.0/../../../../lib64/crtn.o]
    arg [/usr/libexec/gcc/x86_64-linux-gnu/5.1.0/collect2] ==> ignore
    arg [-plugin] ==> ignore
    arg [/usr/libexec/gcc/x86_64-linux-gnu/5.1.0/liblto_plugin.so] ==> ignore
    arg [-plugin-opt=/usr/libexec/gcc/x86_64-linux-gnu/5.1.0/lto-wrapper] ==> ignore
    arg [-plugin-opt=-fresolution=/tmp/ccTMDVrO.res] ==> ignore
    arg [-plugin-opt=-pass-through=-lgcc] ==> ignore
    arg [-plugin-opt=-pass-through=-lgcc_s] ==> ignore
    arg [-plugin-opt=-pass-through=-lc] ==> ignore
    arg [-plugin-opt=-pass-through=-lgcc] ==> ignore
    arg [-plugin-opt=-pass-through=-lgcc_s] ==> ignore
    arg [--eh-frame-hdr] ==> ignore
    arg [-m] ==> ignore
    arg [elf_x86_64] ==> ignore
    arg [-export-dynamic] ==> ignore
    arg [-dynamic-linker] ==> ignore
    arg [/lib64/ld-linux-x86-64.so.2] ==> ignore
    arg [-o] ==> ignore
    arg [cmTryCompileExec660435530] ==> ignore
    arg [/usr/lib/gcc/x86_64-linux-gnu/5.1.0/../../../../lib64/crt1.o] ==> ignore
    arg [/usr/lib/gcc/x86_64-linux-gnu/5.1.0/../../../../lib64/crti.o] ==> ignore
    arg [/usr/lib/gcc/x86_64-linux-gnu/5.1.0/crtbegin.o] ==> ignore
    arg [-L/usr/lib/gcc/x86_64-linux-gnu/5.1.0] ==> dir [/usr/lib/gcc/x86_64-linux-gnu/5.1.0]
    arg [-L/usr/lib/gcc/x86_64-linux-gnu/5.1.0/../../../../lib64] ==> dir [/usr/lib/gcc/x86_64-linux-gnu/5.1.0/../../../../lib64]
    arg [-L/lib/../lib64] ==> dir [/lib/../lib64]
    arg [-L/usr/lib/../lib64] ==> dir [/usr/lib/../lib64]
    arg [-L/usr/lib/gcc/x86_64-linux-gnu/5.1.0/../../..] ==> dir [/usr/lib/gcc/x86_64-linux-gnu/5.1.0/../../..]
    arg [CMakeFiles/cmTryCompileExec660435530.dir/CMakeCCompilerABI.c.o] ==> ignore
    arg [-lgcc] ==> lib [gcc]
    arg [--as-needed] ==> ignore
    arg [-lgcc_s] ==> lib [gcc_s]
    arg [--no-as-needed] ==> ignore
    arg [-lc] ==> lib [c]
    arg [-lgcc] ==> lib [gcc]
    arg [--as-needed] ==> ignore
    arg [-lgcc_s] ==> lib [gcc_s]
    arg [--no-as-needed] ==> ignore
    arg [/usr/lib/gcc/x86_64-linux-gnu/5.1.0/crtend.o] ==> ignore
    arg [/usr/lib/gcc/x86_64-linux-gnu/5.1.0/../../../../lib64/crtn.o] ==> ignore
  remove lib [gcc]
  remove lib [gcc_s]
  remove lib [gcc]
  remove lib [gcc_s]
  collapse dir [/usr/lib/gcc/x86_64-linux-gnu/5.1.0] ==> [/usr/lib/gcc/x86_64-linux-gnu/5.1.0]
  collapse dir [/usr/lib/gcc/x86_64-linux-gnu/5.1.0/../../../../lib64] ==> [/usr/lib64]
  collapse dir [/lib/../lib64] ==> [/lib64]
  collapse dir [/usr/lib/../lib64] ==> [/usr/lib64]
  collapse dir [/usr/lib/gcc/x86_64-linux-gnu/5.1.0/../../..] ==> [/usr/lib]
  implicit libs: [c]
  implicit dirs: [/usr/lib/gcc/x86_64-linux-gnu/5.1.0;/usr/lib64;/lib64;/usr/lib]


Determining if the CXX compiler works passed with the following output:
Change Dir: /root/webSocket-Server/CMakeFiles/CMakeTmp

Run Build Command:/usr/bin/gmake "cmTryCompileExec3600888966/fast"
/usr/bin/gmake -f CMakeFiles/cmTryCompileExec3600888966.dir/build.make CMakeFiles/cmTryCompileExec3600888966.dir/build
gmake[1]: Entering directory `/root/webSocket-Server/CMakeFiles/CMakeTmp'
/usr/local/bin/cmake -E cmake_progress_report /root/webSocket-Server/CMakeFiles/CMakeTmp/CMakeFiles 1
Building CXX object CMakeFiles/cmTryCompileExec3600888966.dir/testCXXCompiler.cxx.o
/usr/bin/c++     -o CMakeFiles/cmTryCompileExec3600888966.dir/testCXXCompiler.cxx.o -c /root/webSocket-Server/CMakeFiles/CMakeTmp/testCXXCompiler.cxx
Linking CXX executable cmTryCompileExec3600888966
/usr/local/bin/cmake -E cmake_link_script CMakeFiles/cmTryCompileExec3600888966.dir/link.txt --verbose=1
/usr/bin/c++          CMakeFiles/cmTryCompileExec3600888966.dir/testCXXCompiler.cxx.o  -o cmTryCompileExec3600888966 -rdynamic 
gmake[1]: Leaving directory `/root/webSocket-Server/CMakeFiles/CMakeTmp'


Detecting CXX compiler ABI info compiled with the following output:
Change Dir: /root/webSocket-Server/CMakeFiles/CMakeTmp

Run Build Command:/usr/bin/gmake "cmTryCompileExec2821980941/fast"
/usr/bin/gmake -f CMakeFiles/cmTryCompileExec2821980941.dir/build.make CMakeFiles/cmTryCompileExec2821980941.dir/build
gmake[1]: Entering directory `/root/webSocket-Server/CMakeFiles/CMakeTmp'
/usr/local/bin/cmake -E cmake_progress_report /root/webSocket-Server/CMakeFiles/CMakeTmp/CMakeFiles 1
Building CXX object CMakeFiles/cmTryCompileExec2821980941.dir/CMakeCXXCompilerABI.cpp.o
/usr/bin/c++     -o CMakeFiles/cmTryCompileExec2821980941.dir/CMakeCXXCompilerABI.cpp.o -c /usr/local/share/cmake-2.8/Modules/CMakeCXXCompilerABI.cpp
Linking CXX executable cmTryCompileExec2821980941
/usr/local/bin/cmake -E cmake_link_script CMakeFiles/cmTryCompileExec2821980941.dir/link.txt --verbose=1
/usr/bin/c++        -v CMakeFiles/cmTryCompileExec2821980941.dir/CMakeCXXCompilerABI.cpp.o  -o cmTryCompileExec2821980941 -rdynamic  
Using built-in specs.
COLLECT_GCC=/usr/bin/c++
COLLECT_LTO_WRAPPER=/usr/libexec/gcc/x86_64-linux-gnu/5.1.0/lto-wrapper
Target: x86_64-linux-gnu
Configured with: ./configure --prefix=/usr --disable-multilib --enable-languages=c,c++ --build=x86_64-linux-gnu
Thread model: posix
gcc version 5.1.0 (GCC) 
COMPILER_PATH=/usr/libexec/gcc/x86_64-linux-gnu/5.1.0/:/usr/libexec/gcc/x86_64-linux-gnu/5.1.0/:/usr/libexec/gcc/x86_64-linux-gnu/:/usr/lib/gcc/x86_64-linux-gnu/5.1.0/:/usr/lib/gcc/x86_64-linux-gnu/
LIBRARY_PATH=/usr/lib/gcc/x86_64-linux-gnu/5.1.0/:/usr/lib/gcc/x86_64-linux-gnu/5.1.0/../../../../lib64/:/lib/../lib64/:/usr/lib/../lib64/:/usr/lib/gcc/x86_64-linux-gnu/5.1.0/../../../:/lib/:/usr/lib/
COLLECT_GCC_OPTIONS='-v' '-o' 'cmTryCompileExec2821980941' '-rdynamic' '-shared-libgcc' '-mtune=generic' '-march=x86-64'
 /usr/libexec/gcc/x86_64-linux-gnu/5.1.0/collect2 -plugin /usr/libexec/gcc/x86_64-linux-gnu/5.1.0/liblto_plugin.so -plugin-opt=/usr/libexec/gcc/x86_64-linux-gnu/5.1.0/lto-wrapper -plugin-opt=-fresolution=/tmp/ccVwtos6.res -plugin-opt=-pass-through=-lgcc_s -plugin-opt=-pass-through=-lgcc -plugin-opt=-pass-through=-lc -plugin-opt=-pass-through=-lgcc_s -plugin-opt=-pass-through=-lgcc --eh-frame-hdr -m elf_x86_64 -export-dynamic -dynamic-linker /lib64/ld-linux-x86-64.so.2 -o cmTryCompileExec2821980941 /usr/lib/gcc/x86_64-linux-gnu/5.1.0/../../../../lib64/crt1.o /usr/lib/gcc/x86_64-linux-gnu/5.1.0/../../../../lib64/crti.o /usr/lib/gcc/x86_64-linux-gnu/5.1.0/crtbegin.o -L/usr/lib/gcc/x86_64-linux-gnu/5.1.0 -L/usr/lib/gcc/x86_64-linux-gnu/5.1.0/../../../../lib64 -L/lib/../lib64 -L/usr/lib/../lib64 -L/usr/lib/gcc/x86_64-linux-gnu/5.1.0/../../.. CMakeFiles/cmTryCompileExec2821980941.dir/CMakeCXXCompilerABI.cpp.o -lstdc++ -lm -lgcc_s -lgcc -lc -lgcc_s -lgcc /usr/lib/gcc/x86_64-linux-gnu/5.1.0/crtend.o /usr/lib/gcc/x86_64-linux-gnu/5.1.0/../../../../lib64/crtn.o
gmake[1]: Leaving directory `/root/webSocket-Server/CMakeFiles/CMakeTmp'


Parsed CXX implicit link information from above output:
  link line regex: [^( *|.*[/\])(ld|ld|collect2)[^/\]*( |$)]
  ignore line: [Change Dir: /root/webSocket-Server/CMakeFiles/CMakeTmp]
  ignore line: []
  ignore line: [Run Build Command:/usr/bin/gmake "cmTryCompileExec2821980941/fast"]
  ignore line: [/usr/bin/gmake -f CMakeFiles/cmTryCompileExec2821980941.dir/build.make CMakeFiles/cmTryCompileExec2821980941.dir/build]
  ignore line: [gmake[1]: Entering directory `/root/webSocket-Server/CMakeFiles/CMakeTmp']
  ignore line: [/usr/local/bin/cmake -E cmake_progress_report /root/webSocket-Server/CMakeFiles/CMakeTmp/CMakeFiles 1]
  ignore line: [Building CXX object CMakeFiles/cmTryCompileExec2821980941.dir/CMakeCXXCompilerABI.cpp.o]
  ignore line: [/usr/bin/c++     -o CMakeFiles/cmTryCompileExec2821980941.dir/CMakeCXXCompilerABI.cpp.o -c /usr/local/share/cmake-2.8/Modules/CMakeCXXCompilerABI.cpp]
  ignore line: [Linking CXX executable cmTryCompileExec2821980941]
  ignore line: [/usr/local/bin/cmake -E cmake_link_script CMakeFiles/cmTryCompileExec2821980941.dir/link.txt --verbose=1]
  ignore line: [/usr/bin/c++        -v CMakeFiles/cmTryCompileExec2821980941.dir/CMakeCXXCompilerABI.cpp.o  -o cmTryCompileExec2821980941 -rdynamic  ]
  ignore line: [Using built-in specs.]
  ignore line: [COLLECT_GCC=/usr/bin/c++]
  ignore line: [COLLECT_LTO_WRAPPER=/usr/libexec/gcc/x86_64-linux-gnu/5.1.0/lto-wrapper]
  ignore line: [Target: x86_64-linux-gnu]
  ignore line: [Configured with: ./configure --prefix=/usr --disable-multilib --enable-languages=c,c++ --build=x86_64-linux-gnu]
  ignore line: [Thread model: posix]
  ignore line: [gcc version 5.1.0 (GCC) ]
  ignore line: [COMPILER_PATH=/usr/libexec/gcc/x86_64-linux-gnu/5.1.0/:/usr/libexec/gcc/x86_64-linux-gnu/5.1.0/:/usr/libexec/gcc/x86_64-linux-gnu/:/usr/lib/gcc/x86_64-linux-gnu/5.1.0/:/usr/lib/gcc/x86_64-linux-gnu/]
  ignore line: [LIBRARY_PATH=/usr/lib/gcc/x86_64-linux-gnu/5.1.0/:/usr/lib/gcc/x86_64-linux-gnu/5.1.0/../../../../lib64/:/lib/../lib64/:/usr/lib/../lib64/:/usr/lib/gcc/x86_64-linux-gnu/5.1.0/../../../:/lib/:/usr/lib/]
  ignore line: [COLLECT_GCC_OPTIONS='-v' '-o' 'cmTryCompileExec2821980941' '-rdynamic' '-shared-libgcc' '-mtune=generic' '-march=x86-64']
  link line: [ /usr/libexec/gcc/x86_64-linux-gnu/5.1.0/collect2 -plugin /usr/libexec/gcc/x86_64-linux-gnu/5.1.0/liblto_plugin.so -plugin-opt=/usr/libexec/gcc/x86_64-linux-gnu/5.1.0/lto-wrapper -plugin-opt=-fresolution=/tmp/ccVwtos6.res -plugin-opt=-pass-through=-lgcc_s -plugin-opt=-pass-through=-lgcc -plugin-opt=-pass-through=-lc -plugin-opt=-pass-through=-lgcc_s -plugin-opt=-pass-through=-lgcc --eh-frame-hdr -m elf_x86_64 -export-dynamic -dynamic-linker /lib64/ld-linux-x86-64.so.2 -o cmTryCompileExec2821980941 /usr/lib/gcc/x86_64-linux-gnu/5.1.0/../../../../lib64/crt1.o /usr/lib/gcc/x86_64-linux-gnu/5.1.0/../../../../lib64/crti.o /usr/lib/gcc/x86_64-linux-gnu/5.1.0/crtbegin.o -L/usr/lib/gcc/x86_64-linux-gnu/5.1.0 -L/usr/lib/gcc/x86_64-linux-gnu/5.1.0/../../../../lib64 -L/lib/../lib64 -L/usr/lib/../lib64 -L/usr/lib/gcc/x86_64-linux-gnu/5.1.0/../../.. CMakeFiles/cmTryCompileExec2821980941.dir/CMakeCXXCompilerABI.cpp.o -lstdc++ -lm -lgcc_s -lgcc -lc -lgcc_s -lgcc /usr/lib/gcc/x86_64-linux-gnu/5.1.0/crtend.o /usr/lib/gcc/x86_64-linux-gnu/5.1.0/../../../../lib64/crtn.o]
    arg [/usr/libexec/gcc/x86_64-linux-gnu/5.1.0/collect2] ==> ignore
    arg [-plugin] ==> ignore
    arg [/usr/libexec/gcc/x86_64-linux-gnu/5.1.0/liblto_plugin.so] ==> ignore
    arg [-plugin-opt=/usr/libexec/gcc/x86_64-linux-gnu/5.1.0/lto-wrapper] ==> ignore
    arg [-plugin-opt=-fresolution=/tmp/ccVwtos6.res] ==> ignore
    arg [-plugin-opt=-pass-through=-lgcc_s] ==> ignore
    arg [-plugin-opt=-pass-through=-lgcc] ==> ignore
    arg [-plugin-opt=-pass-through=-lc] ==> ignore
    arg [-plugin-opt=-pass-through=-lgcc_s] ==> ignore
    arg [-plugin-opt=-pass-through=-lgcc] ==> ignore
    arg [--eh-frame-hdr] ==> ignore
    arg [-m] ==> ignore
    arg [elf_x86_64] ==> ignore
    arg [-export-dynamic] ==> ignore
    arg [-dynamic-linker] ==> ignore
    arg [/lib64/ld-linux-x86-64.so.2] ==> ignore
    arg [-o] ==> ignore
    arg [cmTryCompileExec2821980941] ==> ignore
    arg [/usr/lib/gcc/x86_64-linux-gnu/5.1.0/../../../../lib64/crt1.o] ==> ignore
    arg [/usr/lib/gcc/x86_64-linux-gnu/5.1.0/../../../../lib64/crti.o] ==> ignore
    arg [/usr/lib/gcc/x86_64-linux-gnu/5.1.0/crtbegin.o] ==> ignore
    arg [-L/usr/lib/gcc/x86_64-linux-gnu/5.1.0] ==> dir [/usr/lib/gcc/x86_64-linux-gnu/5.1.0]
    arg [-L/usr/lib/gcc/x86_64-linux-gnu/5.1.0/../../../../lib64] ==> dir [/usr/lib/gcc/x86_64-linux-gnu/5.1.0/../../../../lib64]
    arg [-L/lib/../lib64] ==> dir [/lib/../lib64]
    arg [-L/usr/lib/../lib64] ==> dir [/usr/lib/../lib64]
    arg [-L/usr/lib/gcc/x86_64-linux-gnu/5.1.0/../../..] ==> dir [/usr/lib/gcc/x86_64-linux-gnu/5.1.0/../../..]
    arg [CMakeFiles/cmTryCompileExec2821980941.dir/CMakeCXXCompilerABI.cpp.o] ==> ignore
    arg [-lstdc++] ==> lib [stdc++]
    arg [-lm] ==> lib [m]
    arg [-lgcc_s] ==> lib [gcc_s]
    arg [-lgcc] ==> lib [gcc]
    arg [-lc] ==> lib [c]
    arg [-lgcc_s] ==> lib [gcc_s]
    arg [-lgcc] ==> lib [gcc]
    arg [/usr/lib/gcc/x86_64-linux-gnu/5.1.0/crtend.o] ==> ignore
    arg [/usr/lib/gcc/x86_64-linux-gnu/5.1.0/../../../../lib64/crtn.o] ==> ignore
  remove lib [gcc_s]
  remove lib [gcc]
  remove lib [gcc_s]
  remove lib [gcc]
  collapse dir [/usr/lib/gcc/x86_64-linux-gnu/5.1.0] ==> [/usr/lib/gcc/x86_64-linux-gnu/5.1.0]
  collapse dir [/usr/lib/gcc/x86_64-linux-gnu/5.1.0/../../../../lib64] ==> [/usr/lib64]
  collapse dir [/lib/../lib64] ==> [/lib64]
  collapse dir [/usr/lib/../lib64] ==> [/usr/lib64]
  collapse dir [/usr/lib/gcc/x86_64-linux-gnu/5.1.0/../../..] ==> [/usr/lib]
  implicit libs: [stdc++;m;c]
  implicit dirs: [/usr/lib/gcc/x86_64-linux-gnu/5.1.0;/usr/lib64;/lib64;/usr/lib]


Determining if files pthread.h exist passed with the following output:
Change Dir: /root/webSocket-Server/CMakeFiles/CMakeTmp

Run Build Command:/usr/bin/gmake "cmTryCompileExec1054872995/fast"
/usr/bin/gmake -f CMakeFiles/cmTryCompileExec1054872995.dir/build.make CMakeFiles/cmTryCompileExec1054872995.dir/build
gmake[1]: Entering directory `/root/webSocket-Server/CMakeFiles/CMakeTmp'
/usr/local/bin/cmake -E cmake_progress_report /root/webSocket-Server/CMakeFiles/CMakeTmp/CMakeFiles 1
Building C object CMakeFiles/cmTryCompileExec1054872995.dir/CheckIncludeFiles.c.o
/usr/bin/cc    -o CMakeFiles/cmTryCompileExec1054872995.dir/CheckIncludeFiles.c.o   -c /root/webSocket-Server/CMakeFiles/CMakeTmp/CheckIncludeFiles.c
Linking C executable cmTryCompileExec1054872995
/usr/local/bin/cmake -E cmake_link_script CMakeFiles/cmTryCompileExec1054872995.dir/link.txt --verbose=1
/usr/bin/cc         CMakeFiles/cmTryCompileExec1054872995.dir/CheckIncludeFiles.c.o  -o cmTryCompileExec1054872995 -rdynamic 
gmake[1]: Leaving directory `/root/webSocket-Server/CMakeFiles/CMakeTmp'


Determining if the function pthread_create exists in the pthread passed with the following output:
Change Dir: /root/webSocket-Server/CMakeFiles/CMakeTmp

Run Build Command:/usr/bin/gmake "cmTryCompileExec2417580080/fast"
/usr/bin/gmake -f CMakeFiles/cmTryCompileExec2417580080.dir/build.make CMakeFiles/cmTryCompileExec2417580080.dir/build
gmake[1]: Entering directory `/root/webSocket-Server/CMakeFiles/CMakeTmp'
/usr/local/bin/cmake -E cmake_progress_report /root/webSocket-Server/CMakeFiles/CMakeTmp/CMakeFiles 1
Building C object CMakeFiles/cmTryCompileExec2417580080.dir/CheckFunctionExists.c.o
/usr/bin/cc   -DCHECK_FUNCTION_EXISTS=pthread_create   -o CMakeFiles/cmTryCompileExec2417580080.dir/CheckFunctionExists.c.o   -c /usr/local/share/cmake-2.8/Modules/CheckFunctionExists.c
Linking C executable cmTryCompileExec2417580080
/usr/local/bin/cmake -E cmake_link_script CMakeFiles/cmTryCompileExec2417580080.dir/link.txt --verbose=1
/usr/bin/cc     -DCHECK_FUNCTION_EXISTS=pthread_create    CMakeFiles/cmTryCompileExec2417580080.dir/CheckFunctionExists.c.o  -o cmTryCompileExec2417580080 -rdynamic -lpthread 
gmake[1]: Leaving directory `/root/webSocket-Server/CMakeFiles/CMakeTmp'


